2022-12-19 20:26:25	a9d10959-cd16-4073-8c13-9a6d2da28ec6	undefined: 8000	undefined	undefined
2022-12-19 20:27:57	2a009a54-74d1-48e4-a20e-838833c57a15	undefined: 8000	undefined	undefined
2022-12-19 20:29:18	27973b72-87bc-4ef8-b896-2028c18e18ca	undefined: 8000	undefined	undefined
2022-12-19 20:29:47	03266ef5-e21d-4cbf-aca9-ced652bdefca	undefined: 8000	undefined	undefined
2022-12-19 20:29:54	5406d815-f34e-44d3-b2b7-6c08c95bf2c4	undefined: 8000	undefined	undefined
2022-12-19 20:29:59	68340450-4823-4dd7-8ab2-a160fe78d59c	undefined: 8000	undefined	undefined
2022-12-19 20:30:05	512af98f-b49e-4fe6-aabb-9fb9a917875a	undefined: 8000	undefined	undefined
2022-12-19 20:30:23	610b4c37-eaf7-47a2-a88b-c71e31d4cb32	undefined: 8000	undefined	undefined
2022-12-19 20:30:34	c0f93552-6e16-432d-97b6-623892c5d51b	undefined: 8000	undefined	undefined
2022-12-19 20:30:51	4501f456-6566-4ddf-bd5f-8f4280c59cca	undefined: 8000	undefined	undefined
2022-12-19 20:30:55	9fc71c5c-6ecf-4716-8e8b-21809db159ee	undefined: 8000	undefined	undefined
2022-12-19 20:30:58	0339faf3-9289-4b5c-99de-b5593c858df1	undefined: 8000	undefined	undefined
2022-12-19 20:31:07	3dfb9e62-7bfd-4685-b694-1bd3c06f3965	undefined: 8000	undefined	undefined
2022-12-19 20:31:09	05199365-d45b-41c7-97db-a23fcd4c814f	undefined: 8000	undefined	undefined
2022-12-19 20:31:14	0d390f4a-d8cd-4749-86b8-536a505b9729	undefined: 8000	undefined	undefined
2022-12-19 20:31:18	06b2d046-f06a-461e-bfec-8df4d971b282	undefined: 8000	undefined	undefined
2022-12-19 20:31:20	f342d6fb-2d6f-4d42-8a52-d268a4a235b1	undefined: 8000	undefined	undefined
2022-12-19 20:31:28	225b044b-ef30-4c92-9e93-1c9c300366df	undefined: 8000	undefined	undefined
2022-12-19 20:31:36	e4a6f2ad-371f-4cd0-bf9c-b3e59a12aed1	undefined: 8000	undefined	undefined
2022-12-19 20:31:42	afb0282d-4430-4fc7-8b9b-03b6e6fe8006	undefined: 8000	undefined	undefined
2022-12-19 20:31:45	a8ccf1e3-6a72-44a4-8fcf-b6f49b688069	undefined: 8000	undefined	undefined
2022-12-19 20:31:47	9f68800a-1fce-45c4-881b-b4daf092b884	undefined: 8000	undefined	undefined
2022-12-19 20:31:52	cf12b24d-4e3e-44d5-83f5-dba1a9700769	undefined: 8000	undefined	undefined
2022-12-19 20:31:54	b283e8fa-475f-42e7-a147-25b64f2653b9	undefined: 8000	undefined	undefined
2022-12-19 20:31:56	f7999d56-7293-4207-921d-ca970aec56d4	undefined: 8000	undefined	undefined
2022-12-19 20:31:59	74e2c53c-5183-41dc-8432-e8bcb8f89258	undefined: 8000	undefined	undefined
2022-12-19 20:32:03	237cb8cd-5e65-42e8-b912-ae14dcdf7513	undefined: 8000	undefined	undefined
2022-12-19 20:32:05	c18b3a40-3c01-476f-b837-65a258f1c97d	undefined: 8000	undefined	undefined
2022-12-19 20:32:17	559ce131-ffca-4dd5-be24-3afb034e12b5	undefined: 8000	undefined	undefined
2022-12-19 20:32:30	d33ee28e-ecb4-430f-81bf-eb75312aa957	undefined: 8000	undefined	undefined
2022-12-19 20:32:32	f34269b3-ef54-4b8e-8e70-158675228539	undefined: 8000	undefined	undefined
2022-12-19 20:32:51	6fa7c1a5-0fc6-4cf4-80a7-30136521fcac	undefined: 8000	undefined	undefined
2022-12-19 20:32:55	1d0f6b7a-e3a5-4738-8bac-e94d3e10ce8b	undefined: 8000	undefined	undefined
2022-12-19 20:33:04	8ea8dd95-44e7-4d92-9f61-296587ad55d1	undefined: 8000	undefined	undefined
2022-12-19 20:33:07	3956c0ea-7b64-4479-9fd6-28e022c8751f	undefined: 8000	undefined	undefined
2022-12-19 20:33:36	c1f6e749-5934-46d9-833a-c6d530798937	undefined: 8000	undefined	undefined
2022-12-19 20:34:15	599aa695-e5fa-476e-864f-56cc14498596	undefined: 8000	undefined	undefined
2022-12-20 17:32:15	b7d954c9-c1ed-4047-bd27-9dc9711a5caa	undefined: ETIMEOUT	querySrv	_mongodb._tcp.cluster0.zzcr8ao.mongodb.net
